#
# A fatal error has been detected by the Java Runtime Environment:
#
#  SIGBUS (0x7) at pc=0x00007f9d6387ae99, pid=3920, tid=3942
#
# JRE version: OpenJDK Runtime Environment (17.0.5+8) (build 17.0.5+8-Debian-2)
# Java VM: OpenJDK 64-Bit Server VM (17.0.5+8-Debian-2, mixed mode, sharing, tiered, compressed oops, compressed class ptrs, g1 gc, linux-amd64)
# Problematic frame:
# C  [ld-linux-x86-64.so.2+0x6e99]
#
# No core dump will be written. Core dumps have been disabled. To enable core dumping, try "ulimit -c unlimited" before starting Java again
#
# If you would like to submit a bug report, please visit:
#   https://bugs.debian.org/openjdk-17
# The crash happened outside the Java Virtual Machine in native code.
# See problematic frame for where to report the bug.
#

---------------  S U M M A R Y ------------

Command Line: -Dawt.useSystemAAFontSettings=on -Dswing.aatext=true main.WebServer

Host: Intel(R) Core(TM) i5-3320M CPU @ 2.60GHz, 8 cores, 7G, Kali GNU/Linux Rolling
Time: Thu Dec 22 19:57:02 2022 EAT elapsed time: 33.124103 seconds (0d 0h 0m 33s)

---------------  T H R E A D  ---------------

Current thread (0x00007f9d5c2af510):  JavaThread "AWT-EventQueue-0" [_thread_in_native, id=3942, stack(0x00007f9d3130c000,0x00007f9d3140c000)]

Stack: [0x00007f9d3130c000,0x00007f9d3140c000],  sp=0x00007f9d31408de0,  free space=1011k
Native frames: (J=compiled Java code, j=interpreted, Vv=VM code, C=native code)
C  [ld-linux-x86-64.so.2+0x6e99]

Java frames: (J=compiled Java code, j=interpreted, Vv=VM code)
j  sun.awt.X11.XDesktopPeer.init(IZ)Z+0 java.desktop@17.0.5
j  sun.awt.X11.XDesktopPeer.initWithLock()V+18 java.desktop@17.0.5
j  sun.awt.X11.XDesktopPeer.isDesktopSupported()Z+0 java.desktop@17.0.5
j  sun.awt.X11.XToolkit.isDesktopSupported()Z+0 java.desktop@17.0.5
j  java.awt.Desktop.isDesktopSupported()Z+15 java.desktop@17.0.5
j  java.awt.Desktop.getDesktop()Ljava/awt/Desktop;+14 java.desktop@17.0.5
j  listener.ClientActionListener.mouseClicked(Ljava/awt/event/MouseEvent;)V+28
j  java.awt.AWTEventMulticaster.mouseClicked(Ljava/awt/event/MouseEvent;)V+21 java.desktop@17.0.5
j  java.awt.Component.processMouseEvent(Ljava/awt/event/MouseEvent;)V+74 java.desktop@17.0.5
j  javax.swing.JComponent.processMouseEvent(Ljava/awt/event/MouseEvent;)V+23 java.desktop@17.0.5
j  java.awt.Component.processEvent(Ljava/awt/AWTEvent;)V+81 java.desktop@17.0.5
j  java.awt.Container.processEvent(Ljava/awt/AWTEvent;)V+18 java.desktop@17.0.5
J 1066 c1 java.awt.Component.dispatchEventImpl(Ljava/awt/AWTEvent;)V java.desktop@17.0.5 (777 bytes) @ 0x00007f9d45a6e624 [0x00007f9d45a6ab60+0x0000000000003ac4]
J 966 c1 java.awt.Container.dispatchEventImpl(Ljava/awt/AWTEvent;)V java.desktop@17.0.5 (129 bytes) @ 0x00007f9d459f811c [0x00007f9d459f7fe0+0x000000000000013c]
J 965 c1 java.awt.Component.dispatchEvent(Ljava/awt/AWTEvent;)V java.desktop@17.0.5 (6 bytes) @ 0x00007f9d459f7c3c [0x00007f9d459f7b40+0x00000000000000fc]
j  java.awt.LightweightDispatcher.retargetMouseEvent(Ljava/awt/Component;ILjava/awt/event/MouseEvent;)V+349 java.desktop@17.0.5
J 1046 c1 java.awt.LightweightDispatcher.processMouseEvent(Ljava/awt/event/MouseEvent;)Z java.desktop@17.0.5 (265 bytes) @ 0x00007f9d45a54734 [0x00007f9d45a53620+0x0000000000001114]
J 1068 c1 java.awt.LightweightDispatcher.dispatchEvent(Ljava/awt/AWTEvent;)Z java.desktop@17.0.5 (73 bytes) @ 0x00007f9d45a741d4 [0x00007f9d45a73d80+0x0000000000000454]
J 966 c1 java.awt.Container.dispatchEventImpl(Ljava/awt/AWTEvent;)V java.desktop@17.0.5 (129 bytes) @ 0x00007f9d459f80bc [0x00007f9d459f7fe0+0x00000000000000dc]
J 1011 c1 java.awt.Window.dispatchEventImpl(Ljava/awt/AWTEvent;)V java.desktop@17.0.5 (23 bytes) @ 0x00007f9d45a35514 [0x00007f9d45a34f00+0x0000000000000614]
J 1079 c1 java.awt.EventQueue.dispatchEventImpl(Ljava/awt/AWTEvent;Ljava/lang/Object;)V java.desktop@17.0.5 (136 bytes) @ 0x00007f9d45a783d4 [0x00007f9d45a77f00+0x00000000000004d4]
J 1078 c1 java.awt.EventQueue$4.run()Ljava/lang/Void; java.desktop@17.0.5 (60 bytes) @ 0x00007f9d45a777a4 [0x00007f9d45a77680+0x0000000000000124]
J 1077 c1 java.awt.EventQueue$4.run()Ljava/lang/Object; java.desktop@17.0.5 (5 bytes) @ 0x00007f9d45a77334 [0x00007f9d45a772c0+0x0000000000000074]
J 902 c1 java.security.ProtectionDomain$JavaSecurityAccessImpl.doIntersectionPrivilege(Ljava/security/PrivilegedAction;Ljava/security/AccessControlContext;Ljava/security/AccessControlContext;)Ljava/lang/Object; java.base@17.0.5 (22 bytes) @ 0x00007f9d459d75d4 [0x00007f9d459d7340+0x0000000000000294]
J 979 c1 java.awt.EventQueue.dispatchEvent(Ljava/awt/AWTEvent;)V java.desktop@17.0.5 (80 bytes) @ 0x00007f9d45a01b24 [0x00007f9d45a01060+0x0000000000000ac4]
J 982 c1 java.awt.EventDispatchThread.pumpOneEventForFilters(I)V java.desktop@17.0.5 (113 bytes) @ 0x00007f9d45a0510c [0x00007f9d45a04aa0+0x000000000000066c]
j  java.awt.EventDispatchThread.pumpEventsForFilter(ILjava/awt/Conditional;Ljava/awt/EventFilter;)V+35 java.desktop@17.0.5
j  java.awt.EventDispatchThread.pumpEventsForHierarchy(ILjava/awt/Conditional;Ljava/awt/Component;)V+11 java.desktop@17.0.5
j  java.awt.EventDispatchThread.pumpEvents(ILjava/awt/Conditional;)V+4 java.desktop@17.0.5
j  java.awt.EventDispatchThread.pumpEvents(Ljava/awt/Conditional;)V+3 java.desktop@17.0.5
j  java.awt.EventDispatchThread.run()V+9 java.desktop@17.0.5
v  ~StubRoutines::call_stub

siginfo: si_signo: 7 (SIGBUS), si_code: 2 (BUS_ADRERR), si_addr: 0x00007f9d310e2998

Register to memory mapping:

RAX=0x0000000000456998 is an unknown value
RBX=0x0000000000000004 is an unknown value
RCX=0x00007f9d31408be0 is pointing into the stack for thread: 0x00007f9d5c2af510
RDX=